<?xml version="1.0" encoding="UTF-8"?>
<testsuite xmlns:xsi="http://www.w3.org/2001/XMLSchema-instance" xsi:noNamespaceSchemaLocation="https://maven.apache.org/surefire/maven-surefire-plugin/xsd/surefire-test-report-3.0.xsd" version="3.0" name="RPNCalculatorTest" time="0.03" tests="10" errors="0" skipped="0" failures="1">
  <properties>
[...]
</properties>
  <testcase name="testInvalidOperator" classname="RPNCalculatorTest" time="0.015">
    <failure message="expected: &lt;Invalid operator: &amp;&gt; but was: &lt;For input string: &quot;&amp;&quot;&gt;" type="org.opentest4j.AssertionFailedError"><![CDATA[org.opentest4j.AssertionFailedError: expected: <Invalid operator: &> but was: <For input string: "&">
	at org.junit.jupiter.api.AssertionFailureBuilder.build(AssertionFailureBuilder.java:151)
	at org.junit.jupiter.api.AssertionFailureBuilder.buildAndThrow(AssertionFailureBuilder.java:132)
	at org.junit.jupiter.api.AssertEquals.failNotEqual(AssertEquals.java:197)
	at org.junit.jupiter.api.AssertEquals.assertEquals(AssertEquals.java:182)
	at org.junit.jupiter.api.AssertEquals.assertEquals(AssertEquals.java:177)
	at org.junit.jupiter.api.Assertions.assertEquals(Assertions.java:1141)
	at RPNCalculatorTest.testInvalidOperator(RPNCalculatorTest.java:63)
	at java.base/java.lang.reflect.Method.invoke(Method.java:568)
	at java.base/java.util.ArrayList.forEach(ArrayList.java:1511)
	at java.base/java.util.ArrayList.forEach(ArrayList.java:1511)
]]></failure>
  </testcase>
  <testcase name="testInsufficientOperands" classname="RPNCalculatorTest" time="0.001"/>
  <testcase name="testEmptyExpression" classname="RPNCalculatorTest" time="0.001"/>
  <testcase name="testMultiplication" classname="RPNCalculatorTest" time="0.001"/>
  <testcase name="testAddition" classname="RPNCalculatorTest" time="0.001"/>
  <testcase name="testStackPersistence" classname="RPNCalculatorTest" time="0.0"/>
  <testcase name="testComplexExpression" classname="RPNCalculatorTest" time="0.0"/>
  <testcase name="testDivisionByZero" classname="RPNCalculatorTest" time="0.001"/>
  <testcase name="testDivision" classname="RPNCalculatorTest" time="0.0"/>
  <testcase name="testSubtraction" classname="RPNCalculatorTest" time="0.001"/>
</testsuite>