<?xml version="1.0" encoding="UTF-8"?>
<testsuite xmlns:xsi="http://www.w3.org/2001/XMLSchema-instance" xsi:noNamespaceSchemaLocation="https://maven.apache.org/surefire/maven-surefire-plugin/xsd/surefire-test-report-3.0.xsd" version="3.0" name="RPNCalculatorTest" time="0.029" tests="12" errors="0" skipped="0" failures="0">
  <properties>
[...]
</properties>
  <testcase name="testInvalidOperator" classname="RPNCalculatorTest" time="0.012"/>
  <testcase name="testInsufficientOperands" classname="RPNCalculatorTest" time="0.0"/>
  <testcase name="testDecimalAddition" classname="RPNCalculatorTest" time="0.001"/>
  <testcase name="testEmptyExpression" classname="RPNCalculatorTest" time="0.001"/>
  <testcase name="testMultiplication" classname="RPNCalculatorTest" time="0.0"/>
  <testcase name="testAddition" classname="RPNCalculatorTest" time="0.0"/>
  <testcase name="testMultipleDecimalOperations" classname="RPNCalculatorTest" time="0.001"/>
  <testcase name="testStackPersistence" classname="RPNCalculatorTest" time="0.001"/>
  <testcase name="testComplexExpression" classname="RPNCalculatorTest" time="0.0"/>
  <testcase name="testDivisionByZero" classname="RPNCalculatorTest" time="0.001"/>
  <testcase name="testDivision" classname="RPNCalculatorTest" time="0.001"/>
  <testcase name="testSubtraction" classname="RPNCalculatorTest" time="0.0"/>
</testsuite>